/Users/kester/Desktop/mapIt.py
/Users/kester/Desktop/debuggingToss.py
/Users/kester/Desktop/coinFlip.py
/Users/kester/Desktop/buggyAddingProgra,.py
/Library/Frameworks/Python.framework/Versions/3.8/lib/python3.8/idlelib/run.py
/Users/kester/Documents/factorialLog.py
/Users/kester/Desktop/regexStrip.py
/Users/kester/Documents/errorExample.py
/Users/kester/Documents/boxPrint.py
/Users/kester/Desktop/fillingInTheGaps.py
/Users/kester/Desktop/getBigFiles.py
/Users/kester/Desktop/madLibs.pyw
/Users/kester/Desktop/mcb.pyw
/Users/kester/Desktop/randomQuizGenerator.py
/Users/kester/Desktop/Python/practiceRegularExpressions.py
/Users/kester/Documents/isPhoneNumber.py
/Users/kester/Desktop/Python/printTable.py
/Users/kester/Documents/test.py
/Users/kester/Documents/bulletPointAdder.py
/Users/kester/Documents/pw.py
/Users/kester/Documents/picnicTable.py
